#
# There is insufficient memory for the Java Runtime Environment to continue.
# Native memory allocation (malloc) failed to allocate 39296 bytes for Chunk::new
# Possible reasons:
#   The system is out of physical RAM or swap space
#   In 32 bit mode, the process size limit was hit
# Possible solutions:
#   Reduce memory load on the system
#   Increase physical memory or swap space
#   Check if swap backing store is full
#   Use 64 bit Java on a 64 bit OS
#   Decrease Java heap size (-Xmx/-Xms)
#   Decrease number of Java threads
#   Decrease Java thread stack sizes (-Xss)
#   Set larger code cache with -XX:ReservedCodeCacheSize=
# This output file may be truncated or incomplete.
#
#  Out of Memory Error (allocation.cpp:390), pid=33100, tid=0x0000000000008774
#
# JRE version: OpenJDK Runtime Environment (8.0_112-b06) (build 1.8.0_112-release-b06)
# Java VM: OpenJDK 64-Bit Server VM (25.112-b06 mixed mode windows-amd64 compressed oops)
# Failed to write core dump. Minidumps are not enabled by default on client versions of Windows
#

---------------  T H R E A D  ---------------

Current thread (0x000000001686c800):  JavaThread "C2 CompilerThread0" daemon [_thread_in_native, id=34676, stack(0x0000000017ec0000,0x0000000017fc0000)]

Stack: [0x0000000017ec0000,0x0000000017fc0000]
[error occurred during error reporting (printing stack bounds), id 0xc0000005]

Native frames: (J=compiled Java code, j=interpreted, Vv=VM code, C=native code)


Current CompileTask:
C2:   5054 1400       4       java.net.URLClassLoader$1::run (5 bytes)


---------------  P R O C E S S  ---------------

Java Threads: ( => current thread )
  0x0000000019443000 JavaThread "Stdin handler" [_thread_blocked, id=28192, stack(0x000000001b1d0000,0x000000001b2d0000)]
  0x0000000019442000 JavaThread "pool-1-thread-1" [_thread_blocked, id=32196, stack(0x000000001b0d0000,0x000000001b1d0000)]
  0x0000000019441800 JavaThread "Asynchronous log dispatcher for DefaultDaemonConnection: socket connection from /127.0.0.1:55023 to /127.0.0.1:55024" [_thread_blocked, id=28484, stack(0x000000001afd0000,0x000000001b0d0000)]
  0x00000000198d7000 JavaThread "Daemon worker" [_thread_in_native, id=31836, stack(0x000000001aed0000,0x000000001afd0000)]
  0x00000000198d6800 JavaThread "Cancel handler" [_thread_blocked, id=908, stack(0x000000001add0000,0x000000001aed0000)]
  0x000000001988c000 JavaThread "Handler for socket connection from /127.0.0.1:55023 to /127.0.0.1:55024" [_thread_in_native, id=27740, stack(0x000000001acd0000,0x000000001add0000)]
  0x000000001972b800 JavaThread "Daemon" [_thread_blocked, id=33668, stack(0x000000001a9d0000,0x000000001aad0000)]
  0x00000000193a3000 JavaThread "Incoming local TCP Connector on port 55023" [_thread_in_native, id=31716, stack(0x000000001a4d0000,0x000000001a5d0000)]
  0x00000000181e8800 JavaThread "Service Thread" daemon [_thread_blocked, id=32532, stack(0x00000000185c0000,0x00000000186c0000)]
  0x0000000016875000 JavaThread "C1 CompilerThread2" daemon [_thread_blocked, id=35052, stack(0x00000000180c0000,0x00000000181c0000)]
  0x000000001686f800 JavaThread "C2 CompilerThread1" daemon [_thread_blocked, id=31796, stack(0x0000000017fc0000,0x00000000180c0000)]
=>0x000000001686c800 JavaThread "C2 CompilerThread0" daemon [_thread_in_native, id=34676, stack(0x0000000017ec0000,0x0000000017fc0000)]
  0x000000001686b800 JavaThread "Attach Listener" daemon [_thread_blocked, id=27756, stack(0x0000000017dc0000,0x0000000017ec0000)]
  0x0000000016868800 JavaThread "Signal Dispatcher" daemon [_thread_blocked, id=33736, stack(0x0000000017cc0000,0x0000000017dc0000)]
  0x0000000016858000 JavaThread "Finalizer" daemon [_thread_blocked, id=34456, stack(0x0000000017ad0000,0x0000000017bd0000)]
  0x0000000002ef0800 JavaThread "Reference Handler" daemon [_thread_blocked, id=24292, stack(0x00000000179d0000,0x0000000017ad0000)]
  0x0000000002e00800 JavaThread "main" [_thread_blocked, id=25012, stack(0x0000000002d00000,0x0000000002e00000)]

Other Threads:
  0x0000000016834000 VMThread [stack: 0x00000000178d0000,0x00000000179d0000] [id=33072]
  0x00000000168cd000 WatcherThread [stack: 0x00000000186c0000,0x00000000187c0000] [id=30492]

VM state:not at safepoint (normal execution)

VM Mutex/Monitor currently owned by a thread: None

Heap:
 PSYoungGen      total 38400K, used 27759K [0x00000000e0000000, 0x00000000e2a80000, 0x0000000100000000)
  eden space 33280K, 68% used [0x00000000e0000000,0x00000000e16226b0,0x00000000e2080000)
  from space 5120K, 99% used [0x00000000e2580000,0x00000000e2a798d0,0x00000000e2a80000)
  to   space 5120K, 0% used [0x00000000e2080000,0x00000000e2080000,0x00000000e2580000)
 ParOldGen       total 87552K, used 732K [0x00000000a0000000, 0x00000000a5580000, 0x00000000e0000000)
  object space 87552K, 0% used [0x00000000a0000000,0x00000000a00b70e8,0x00000000a5580000)
 Metaspace       used 15247K, capacity 15654K, committed 15872K, reserved 1064960K
  class space    used 2089K, capacity 2222K, committed 2304K, reserved 1048576K

Card table byte_map: [0x00000000122c0000,0x00000000125d0000] byte_map_base: 0x0000000011dc0000

Marking Bits: (ParMarkBitMap*) 0x0000000072d418f0
 Begin Bits: [0x0000000012bd0000, 0x00000000143d0000)
 End Bits:   [0x00000000143d0000, 0x0000000015bd0000)

Polling page: 0x0000000002c60000

CodeCache: size=245760Kb used=4912Kb max_used=4912Kb free=240848Kb
 bounds [0x0000000002f00000, 0x00000000033d0000, 0x0000000011f00000]
 total_blobs=1785 nmethods=1398 adapters=301
 compilation: enabled

Compilation events (10 events):
Event: 4.919 Thread 0x0000000016875000 nmethod 1396 0x00000000033c47d0 code [0x00000000033c4940, 0x00000000033c4ae8]
Event: 4.919 Thread 0x0000000016875000 1397       3       sun.reflect.ReflectionFactory::checkInitted (19 bytes)
Event: 4.919 Thread 0x0000000016875000 nmethod 1397 0x00000000033cb750 code [0x00000000033cb8c0, 0x00000000033cbb88]
Event: 4.955 Thread 0x000000001686c800 1400       4       java.net.URLClassLoader$1::run (5 bytes)
Event: 4.955 Thread 0x0000000016875000 1398       3       java.lang.ReflectiveOperationException::<init> (7 bytes)
Event: 4.955 Thread 0x0000000016875000 nmethod 1398 0x00000000033cb310 code [0x00000000033cb480, 0x00000000033cb668]
Event: 4.955 Thread 0x0000000016875000 1399       3       java.lang.Exception::<init> (7 bytes)
Event: 4.955 Thread 0x0000000016875000 nmethod 1399 0x00000000033caf90 code [0x00000000033cb100, 0x00000000033cb288]
Event: 4.991 Thread 0x0000000016875000 1401       1       java.security.Permission::getName (5 bytes)
Event: 4.991 Thread 0x0000000016875000 nmethod 1401 0x00000000033cacd0 code [0x00000000033cae20, 0x00000000033caf30]

GC Heap History (4 events):
Event: 1.527 GC heap before
{Heap before GC invocations=1 (full 0):
 PSYoungGen      total 38400K, used 33280K [0x00000000e0000000, 0x00000000e2a80000, 0x0000000100000000)
  eden space 33280K, 100% used [0x00000000e0000000,0x00000000e2080000,0x00000000e2080000)
  from space 5120K, 0% used [0x00000000e2580000,0x00000000e2580000,0x00000000e2a80000)
  to   space 5120K, 0% used [0x00000000e2080000,0x00000000e2080000,0x00000000e2580000)
 ParOldGen       total 87552K, used 0K [0x00000000a0000000, 0x00000000a5580000, 0x00000000e0000000)
  object space 87552K, 0% used [0x00000000a0000000,0x00000000a0000000,0x00000000a5580000)
 Metaspace       used 6797K, capacity 6952K, committed 7040K, reserved 1056768K
  class space    used 832K, capacity 888K, committed 896K, reserved 1048576K
Event: 1.535 GC heap after
Heap after GC invocations=1 (full 0):
 PSYoungGen      total 38400K, used 4240K [0x00000000e0000000, 0x00000000e2a80000, 0x0000000100000000)
  eden space 33280K, 0% used [0x00000000e0000000,0x00000000e0000000,0x00000000e2080000)
  from space 5120K, 82% used [0x00000000e2080000,0x00000000e24a41a8,0x00000000e2580000)
  to   space 5120K, 0% used [0x00000000e2580000,0x00000000e2580000,0x00000000e2a80000)
 ParOldGen       total 87552K, used 8K [0x00000000a0000000, 0x00000000a5580000, 0x00000000e0000000)
  object space 87552K, 0% used [0x00000000a0000000,0x00000000a0002000,0x00000000a5580000)
 Metaspace       used 6797K, capacity 6952K, committed 7040K, reserved 1056768K
  class space    used 832K, capacity 888K, committed 896K, reserved 1048576K
}
Event: 3.757 GC heap before
{Heap before GC invocations=2 (full 0):
 PSYoungGen      total 38400K, used 37520K [0x00000000e0000000, 0x00000000e2a80000, 0x0000000100000000)
  eden space 33280K, 100% used [0x00000000e0000000,0x00000000e2080000,0x00000000e2080000)
  from space 5120K, 82% used [0x00000000e2080000,0x00000000e24a41a8,0x00000000e2580000)
  to   space 5120K, 0% used [0x00000000e2580000,0x00000000e2580000,0x00000000e2a80000)
 ParOldGen       total 87552K, used 8K [0x00000000a0000000, 0x00000000a5580000, 0x00000000e0000000)
  object space 87552K, 0% used [0x00000000a0000000,0x00000000a0002000,0x00000000a5580000)
 Metaspace       used 13037K, capacity 13446K, committed 13696K, reserved 1060864K
  class space    used 1730K, capacity 1870K, committed 1920K, reserved 1048576K
Event: 3.774 GC heap after
Heap after GC invocations=2 (full 0):
 PSYoungGen      total 38400K, used 5094K [0x00000000e0000000, 0x00000000e2a80000, 0x0000000100000000)
  eden space 33280K, 0% used [0x00000000e0000000,0x00000000e0000000,0x00000000e2080000)
  from space 5120K, 99% used [0x00000000e2580000,0x00000000e2a798d0,0x00000000e2a80000)
  to   space 5120K, 0% used [0x00000000e2080000,0x00000000e2080000,0x00000000e2580000)
 ParOldGen       total 87552K, used 732K [0x00000000a0000000, 0x00000000a5580000, 0x00000000e0000000)
  object space 87552K, 0% used [0x00000000a0000000,0x00000000a00b70e8,0x00000000a5580000)
 Metaspace       used 13037K, capacity 13446K, committed 13696K, reserved 1060864K
  class space    used 1730K, capacity 1870K, committed 1920K, reserved 1048576K
}

Deoptimization events (10 events):
Event: 2.339 Thread 0x0000000002e00800 Uncommon trap: reason=class_check action=maybe_recompile pc=0x0000000003171aa0 method=java.util.HashMap.putVal(ILjava/lang/Object;Ljava/lang/Object;ZZ)Ljava/lang/Object; @ 203
Event: 3.369 Thread 0x0000000002e00800 Uncommon trap: reason=unstable_if action=reinterpret pc=0x00000000032072b0 method=java.util.LinkedHashMap.afterNodeInsertion(Z)V @ 1
Event: 3.381 Thread 0x0000000002e00800 Uncommon trap: reason=class_check action=maybe_recompile pc=0x0000000003171aa0 method=java.util.HashMap.putVal(ILjava/lang/Object;Ljava/lang/Object;ZZ)Ljava/lang/Object; @ 203
Event: 3.451 Thread 0x0000000002e00800 Uncommon trap: reason=unstable_if action=reinterpret pc=0x000000000315cea8 method=sun.misc.MetaIndex.mayContain(Ljava/lang/String;)Z @ 38
Event: 3.465 Thread 0x00000000198d7000 Uncommon trap: reason=bimorphic action=maybe_recompile pc=0x000000000333a3c0 method=java.util.HashMap.putVal(ILjava/lang/Object;Ljava/lang/Object;ZZ)Ljava/lang/Object; @ 253
Event: 3.465 Thread 0x00000000198d7000 Uncommon trap: reason=bimorphic action=maybe_recompile pc=0x000000000333a3c0 method=java.util.HashMap.putVal(ILjava/lang/Object;Ljava/lang/Object;ZZ)Ljava/lang/Object; @ 253
Event: 3.465 Thread 0x00000000198d7000 Uncommon trap: reason=bimorphic action=maybe_recompile pc=0x000000000333a3c0 method=java.util.HashMap.putVal(ILjava/lang/Object;Ljava/lang/Object;ZZ)Ljava/lang/Object; @ 253
Event: 3.465 Thread 0x00000000198d7000 Uncommon trap: reason=bimorphic action=maybe_recompile pc=0x000000000333a3c0 method=java.util.HashMap.putVal(ILjava/lang/Object;Ljava/lang/Object;ZZ)Ljava/lang/Object; @ 253
Event: 4.293 Thread 0x00000000198d7000 Uncommon trap: reason=class_check action=maybe_recompile pc=0x000000000316de1c method=java.util.regex.Matcher.match(II)Z @ 86
Event: 4.294 Thread 0x00000000198d7000 Uncommon trap: reason=class_check action=maybe_recompile pc=0x000000000316de1c method=java.util.regex.Matcher.match(II)Z @ 86

Internal exceptions (10 events):
Event: 3.387 Thread 0x0000000002e00800 Exception <a 'java/lang/ArrayIndexOutOfBoundsException'> (0x00000000e168bea8) thrown at [C:\src\android\AOSP-openjdk\external\jetbrains\jdk\hotspot\src\share\vm\runtime\sharedRuntime.cpp, line 605]
Event: 3.400 Thread 0x0000000002e00800 Exception <a 'java/lang/ArrayIndexOutOfBoundsException'> (0x00000000e19f1cc0) thrown at [C:\src\android\AOSP-openjdk\external\jetbrains\jdk\hotspot\src\share\vm\runtime\sharedRuntime.cpp, line 605]
Event: 3.412 Thread 0x000000001988c000 Exception <a 'java/lang/NoSuchMethodError': <clinit>> (0x00000000e1a82d90) thrown at [C:\src\android\AOSP-openjdk\external\jetbrains\jdk\hotspot\src\share\vm\prims\jni.cpp, line 1613]
Event: 3.413 Thread 0x0000000002e00800 Exception <a 'java/lang/ArrayIndexOutOfBoundsException'> (0x00000000e19ffd48) thrown at [C:\src\android\AOSP-openjdk\external\jetbrains\jdk\hotspot\src\share\vm\runtime\sharedRuntime.cpp, line 605]
Event: 3.415 Thread 0x000000001988c000 Exception <a 'java/lang/NoSuchMethodError': <clinit>> (0x00000000e1a93480) thrown at [C:\src\android\AOSP-openjdk\external\jetbrains\jdk\hotspot\src\share\vm\prims\jni.cpp, line 1613]
Event: 3.418 Thread 0x000000001988c000 Exception <a 'java/lang/NoSuchMethodError': <clinit>> (0x00000000e1ab7668) thrown at [C:\src\android\AOSP-openjdk\external\jetbrains\jdk\hotspot\src\share\vm\prims\jni.cpp, line 1613]
Event: 3.434 Thread 0x00000000198d7000 Exception <a 'java/lang/NoSuchMethodError': <clinit>> (0x00000000e1bda980) thrown at [C:\src\android\AOSP-openjdk\external\jetbrains\jdk\hotspot\src\share\vm\prims\jni.cpp, line 1613]
Event: 3.435 Thread 0x00000000198d7000 Exception <a 'java/lang/NoSuchMethodError': <clinit>> (0x00000000e1be2c08) thrown at [C:\src\android\AOSP-openjdk\external\jetbrains\jdk\hotspot\src\share\vm\prims\jni.cpp, line 1613]
Event: 3.573 Thread 0x00000000198d7000 Exception <a 'java/lang/ArrayIndexOutOfBoundsException'> (0x00000000e1e328c0) thrown at [C:\src\android\AOSP-openjdk\external\jetbrains\jdk\hotspot\src\share\vm\runtime\sharedRuntime.cpp, line 605]
Event: 3.611 Thread 0x00000000198d7000 Exception <a 'java/lang/ArrayIndexOutOfBoundsException'> (0x00000000e1f03f38) thrown at [C:\src\android\AOSP-openjdk\external\jetbrains\jdk\hotspot\src\share\vm\runtime\sharedRuntime.cpp, line 605]

Events (10 events):
Event: 5.022 loading class org/objectweb/asm/MethodVisitor
Event: 5.022 loading class org/objectweb/asm/MethodVisitor done
Event: 5.022 loading class org/objectweb/asm/MethodWriter
Event: 5.022 loading class org/objectweb/asm/MethodWriter done
Event: 5.025 loading class org/objectweb/asm/ByteVector
Event: 5.025 loading class org/objectweb/asm/ByteVector done
Event: 5.026 loading class org/objectweb/asm/Item
Event: 5.026 loading class org/objectweb/asm/Item done
Event: 5.027 loading class org/gradle/api/internal/AsmBackedClassGenerator$ClassBuilderImpl$1
Event: 5.027 loading class org/gradle/api/internal/AsmBackedClassGenerator$ClassBuilderImpl$1 done


Dynamic libraries:
0x00007ff7eb250000 - 0x00007ff7eb281000 	C:\Program Files\Android\Android Studio\jre\bin\java.exe
0x00007fff888e0000 - 0x00007fff88ab1000 	C:\WINDOWS\SYSTEM32\ntdll.dll
0x00007fff87e40000 - 0x00007fff87eec000 	C:\WINDOWS\System32\KERNEL32.DLL
0x00007fff7b5f0000 - 0x00007fff7b623000 	C:\Program Files (x86)\AVG\Antivirus\x64\aswhooka.dll
0x00007fff84de0000 - 0x00007fff84ffd000 	C:\WINDOWS\System32\KERNELBASE.dll
0x00007fff887b0000 - 0x00007fff88852000 	C:\WINDOWS\System32\ADVAPI32.dll
0x00007fff86310000 - 0x00007fff863ae000 	C:\WINDOWS\System32\msvcrt.dll
0x00007fff863b0000 - 0x00007fff86409000 	C:\WINDOWS\System32\sechost.dll
0x00007fff88680000 - 0x00007fff887a1000 	C:\WINDOWS\System32\RPCRT4.dll
0x00007fff87cd0000 - 0x00007fff87e35000 	C:\WINDOWS\System32\USER32.dll
0x00007fff85e50000 - 0x00007fff85e6e000 	C:\WINDOWS\System32\win32u.dll
0x00007fff86720000 - 0x00007fff86754000 	C:\WINDOWS\System32\GDI32.dll
0x00007fff85c20000 - 0x00007fff85da0000 	C:\WINDOWS\System32\gdi32full.dll
0x00007fff79840000 - 0x00007fff79aba000 	C:\WINDOWS\WinSxS\amd64_microsoft.windows.common-controls_6595b64144ccf1df_6.0.14393.953_none_42151e83c686086b\COMCTL32.dll
0x00007fff883b0000 - 0x00007fff88678000 	C:\WINDOWS\System32\combase.dll
0x00007fff85950000 - 0x00007fff85a45000 	C:\WINDOWS\System32\ucrtbase.dll
0x00007fff85bb0000 - 0x00007fff85c1a000 	C:\WINDOWS\System32\bcryptPrimitives.dll
0x00007fff87ef0000 - 0x00007fff87f1e000 	C:\WINDOWS\System32\IMM32.DLL
0x0000000073c30000 - 0x0000000073d02000 	C:\Program Files\Android\Android Studio\jre\jre\bin\msvcr100.dll
0x0000000072580000 - 0x0000000072dbc000 	C:\Program Files\Android\Android Studio\jre\jre\bin\server\jvm.dll
0x00007fff85f30000 - 0x00007fff85f38000 	C:\WINDOWS\System32\PSAPI.DLL
0x00007fff812a0000 - 0x00007fff812a9000 	C:\WINDOWS\SYSTEM32\WSOCK32.dll
0x00007fff88870000 - 0x00007fff888da000 	C:\WINDOWS\System32\WS2_32.dll
0x00007fff823a0000 - 0x00007fff823c3000 	C:\WINDOWS\SYSTEM32\WINMM.dll
0x00007fff83290000 - 0x00007fff8329a000 	C:\WINDOWS\SYSTEM32\VERSION.dll
0x00007fff82370000 - 0x00007fff8239b000 	C:\WINDOWS\SYSTEM32\WINMMBASE.dll
0x00007fff85a50000 - 0x00007fff85a92000 	C:\WINDOWS\System32\cfgmgr32.dll
0x00007fff80fd0000 - 0x00007fff80fdf000 	C:\Program Files\Android\Android Studio\jre\jre\bin\verify.dll
0x00007fff788c0000 - 0x00007fff788e9000 	C:\Program Files\Android\Android Studio\jre\jre\bin\java.dll
0x00007fff78c30000 - 0x00007fff78c46000 	C:\Program Files\Android\Android Studio\jre\jre\bin\zip.dll
0x00007fff86760000 - 0x00007fff87c68000 	C:\WINDOWS\System32\SHELL32.dll
0x00007fff85270000 - 0x00007fff8594a000 	C:\WINDOWS\System32\windows.storage.dll
0x00007fff84d90000 - 0x00007fff84ddc000 	C:\WINDOWS\System32\powrprof.dll
0x00007fff85f40000 - 0x00007fff85f92000 	C:\WINDOWS\System32\shlwapi.dll
0x00007fff84d80000 - 0x00007fff84d8f000 	C:\WINDOWS\System32\kernel.appcore.dll
0x00007fff85da0000 - 0x00007fff85e49000 	C:\WINDOWS\System32\shcore.dll
0x00007fff84d50000 - 0x00007fff84d64000 	C:\WINDOWS\System32\profapi.dll
0x00007fff78b60000 - 0x00007fff78b7a000 	C:\Program Files\Android\Android Studio\jre\jre\bin\net.dll
0x00007fff84320000 - 0x00007fff8437c000 	C:\WINDOWS\system32\mswsock.dll
0x00007fff785b0000 - 0x00007fff785c1000 	C:\Program Files\Android\Android Studio\jre\jre\bin\nio.dll
0x00007fff7a950000 - 0x00007fff7a96e000 	C:\Users\Family\.gradle\native\23\windows-amd64\native-platform.dll
0x00007fff84a90000 - 0x00007fff84aa7000 	C:\WINDOWS\SYSTEM32\CRYPTSP.dll
0x00007fff83f20000 - 0x00007fff83f53000 	C:\WINDOWS\system32\rsaenh.dll
0x00007fff84c90000 - 0x00007fff84cbb000 	C:\WINDOWS\SYSTEM32\bcrypt.dll
0x00007fff841a0000 - 0x00007fff841bf000 	C:\WINDOWS\SYSTEM32\USERENV.dll
0x00007fff84c80000 - 0x00007fff84c8b000 	C:\WINDOWS\SYSTEM32\CRYPTBASE.dll
0x00007fff840a0000 - 0x00007fff840d8000 	C:\WINDOWS\SYSTEM32\IPHLPAPI.DLL
0x00007fff86410000 - 0x00007fff86418000 	C:\WINDOWS\System32\NSI.dll
0x00007fff7cd00000 - 0x00007fff7cd16000 	C:\WINDOWS\SYSTEM32\dhcpcsvc6.DLL
0x00007fff7f410000 - 0x00007fff7f42a000 	C:\WINDOWS\SYSTEM32\dhcpcsvc.DLL
0x00007fff80350000 - 0x00007fff8035d000 	C:\Program Files\Android\Android Studio\jre\jre\bin\management.dll

VM Arguments:
jvm_args: -Xmx1536m -Dfile.encoding=windows-1252 -Duser.country=SG -Duser.language=en -Duser.variant 
java_command: org.gradle.launcher.daemon.bootstrap.GradleDaemon 3.3
java_class_path (initial): C:\Users\Family\.gradle\wrapper\dists\gradle-3.3-all\55gk2rcmfc6p2dg9u9ohc3hw9\gradle-3.3\lib\gradle-launcher-3.3.jar
Launcher Type: SUN_STANDARD

Environment Variables:
PATH=C:\ProgramData\Oracle\Java\javapath;C:\Program Files (x86)\NVIDIA Corporation\PhysX\Common;C:\Program Files (x86)\Intel\iCLS Client\;C:\Program Files\Intel\iCLS Client\;C:\WINDOWS\system32;C:\WINDOWS;C:\WINDOWS\System32\Wbem;C:\WINDOWS\System32\WindowsPowerShell\v1.0\;C:\Program Files\Intel\Intel(R) Management Engine Components\DAL;C:\Program Files (x86)\Intel\Intel(R) Management Engine Components\DAL;C:\Program Files\Intel\Intel(R) Management Engine Components\IPT;C:\Program Files (x86)\Intel\Intel(R) Management Engine Components\IPT;C:\Program Files (x86)\QuickTime\QTSystem\;C:\Program Files (x86)\Microsoft SQL Server\110\Tools\Binn\;C:\Program Files\Microsoft SQL Server\110\Tools\Binn\;C:\Program Files (x86)\Microsoft SQL Server\110\Tools\Binn\ManagementStudio\;C:\Program Files (x86)\Microsoft SQL Server\110\DTS\Binn\;C:\Program Files\Microsoft SQL Server\110\DTS\Binn\;C:\Program Files\MATLAB\R2013b\bin;C:\Program Files\PuTTY\;C:\Program Files\MiKTeX 2.9\miktex\bin\x64\;C:\Program Files (x86)\Microsoft SQL Server\Client SDK\ODBC\130\Tools\Binn\;C:\Program Files (x86)\Microsoft SQL Server\140\Tools\Binn\;C:\Program Files (x86)\Microsoft SQL Server\140\DTS\Binn\;C:\Program Files (x86)\Microsoft SQL Server\140\Tools\Binn\ManagementStudio\;C:\Users\Family\Anaconda2;C:\Users\Family\Anaconda2\Scripts;C:\Users\Family\Anaconda2\Library\bin;C:\Users\Family\AppData\Local\Microsoft\WindowsApps
USERNAME=Family
OS=Windows_NT
PROCESSOR_IDENTIFIER=Intel64 Family 6 Model 61 Stepping 4, GenuineIntel



---------------  S Y S T E M  ---------------

OS: Windows 10.0 , 64 bit Build 14393 (10.0.14393.1198)

CPU:total 4 (2 cores per cpu, 2 threads per core) family 6 model 61 stepping 4, cmov, cx8, fxsr, mmx, sse, sse2, sse3, ssse3, sse4.1, sse4.2, popcnt, avx, avx2, aes, clmul, erms, 3dnowpref, lzcnt, ht, tsc, tscinvbit, bmi1, bmi2, adx

Memory: 4k page, physical 8289072k(1688768k free), swap 11217712k(3820k free)

vm_info: OpenJDK 64-Bit Server VM (25.112-b06) for windows-amd64 JRE (1.8.0_112-release-b06), built on Dec  8 2016 00:54:26 by "builder" with MS VC++ 10.0 (VS2010)

time: Sat Jul 01 12:33:48 2017
elapsed time: 5 seconds (0d 0h 0m 5s)

